<?xml version="1.0" encoding="UTF-8"?>
<!-- Generated by org.testng.reporters.JUnitXMLReporter -->
<testsuite ignored="0" hostname="LAPTOP-5HR08PHQ" failures="0" tests="9" name="Surefire test" time="0.032" errors="0" timestamp="2021-07-07T19:37:13 HAE">
  <testcase classname="LoginTest" name="loginAdmin" time="0.002"/>
  <testcase classname="LoginTest" name="loginEmployee" time="0.0"/>
  <testcase classname="LoginTest" name="loginGuest" time="0.0"/>
  <testcase classname="LogoutTest" name="logoutAdmin" time="0.0"/>
  <testcase classname="LogoutTest" name="logoutEmployee" time="0.0"/>
  <testcase classname="LogoutTest" name="logoutGuest" time="0.001"/>
  <testcase classname="RegisterTest" name="registerAdmin" time="0.0"/>
  <testcase classname="RegisterTest" name="registerEmployee" time="0.0"/>
  <testcase classname="RegisterTest" name="registerGuest" time="0.0"/>
</testsuite> <!-- Surefire test -->
