<?xml version="1.0" encoding="UTF-8"?>
<!-- Generated by org.testng.reporters.JUnitXMLReporter -->
<testsuite ignored="0" hostname="LAPTOP-5HR08PHQ" failures="0" tests="3" name="Default test" time="0.107" errors="0" timestamp="2021-07-07T21:48:37 HAE">
  <testcase classname="pack01.DataDrivenTest" name="testLogin" time="0.019"/>
  <testcase classname="pack01.DataDrivenTest" name="testLogin" time="0.004"/>
  <testcase classname="pack01.DataDrivenTest" name="testLogin" time="0.002"/>
</testsuite> <!-- Default test -->
