<?xml version="1.0" encoding="UTF-8"?>
<!-- Generated by org.testng.reporters.JUnitXMLReporter -->
<testsuite ignored="0" hostname="LAPTOP-5HR08PHQ" failures="0" tests="3" name="Login" time="0.072" errors="0" timestamp="2021-07-07T21:47:46 HAE">
  <testcase classname="pack01.DataDrivenTest" name="testLogin" time="0.008"/>
  <testcase classname="pack01.DataDrivenTest" name="testLogin" time="0.002"/>
  <testcase classname="pack01.DataDrivenTest" name="testLogin" time="0.001"/>
</testsuite> <!-- Login -->
