<?xml version="1.0" encoding="UTF-8"?>
<!-- Generated by org.testng.reporters.JUnitXMLReporter -->
<testsuite ignored="0" hostname="LAPTOP-5HR08PHQ" failures="0" tests="3" name="Logout" time="0.004" errors="0" timestamp="2021-07-07T19:47:52 HAE">
  <testcase classname="pack01.LogoutTest" name="logoutAdmin" time="0.001"/>
  <testcase classname="pack01.LogoutTest" name="logoutEmployee" time="0.001"/>
  <testcase classname="pack01.LogoutTest" name="logoutGuest" time="0.001"/>
</testsuite> <!-- Logout -->
