<?xml version="1.0" encoding="UTF-8"?>
<!-- Generated by org.testng.reporters.JUnitXMLReporter -->
<testsuite ignored="0" hostname="LAPTOP-5HR08PHQ" failures="0" tests="9" name="Test" time="0.04" errors="0" timestamp="2021-07-07T19:46:53 HAE">
  <testcase classname="pack01.LogoutTest" name="logoutAdmin" time="0.005"/>
  <testcase classname="pack01.LogoutTest" name="logoutEmployee" time="0.001"/>
  <testcase classname="pack01.LogoutTest" name="logoutGuest" time="0.001"/>
  <testcase classname="pack01.LoginTest" name="loginAdmin" time="0.0"/>
  <testcase classname="pack01.LoginTest" name="loginEmployee" time="0.001"/>
  <testcase classname="pack01.LoginTest" name="loginGuest" time="0.001"/>
  <testcase classname="pack01.RegisterTest" name="registerAdmin" time="0.0"/>
  <testcase classname="pack01.RegisterTest" name="registerEmployee" time="0.0"/>
  <testcase classname="pack01.RegisterTest" name="registerGuest" time="0.0"/>
</testsuite> <!-- Test -->
