<?xml version="1.0" encoding="UTF-8"?>
<testng-results ignored="0" total="3" passed="3" failed="0" skipped="0">
  <reporter-output>
  </reporter-output>
  <suite started-at="2021-07-07T21:48:37 HAE" name="Default suite" finished-at="2021-07-07T21:48:37 HAE" duration-ms="107">
    <groups>
    </groups>
    <test started-at="2021-07-07T21:48:37 HAE" name="Default test" finished-at="2021-07-07T21:48:37 HAE" duration-ms="107">
      <class name="pack01.DataDrivenTest">
        <test-method signature="testLogin(java.lang.String,java.lang.String)[pri:0, instance:pack01.DataDrivenTest@1e6454ec]" started-at="2021-07-07T21:48:37 HAE" name="testLogin" data-provider="userLogin" finished-at="2021-07-07T21:48:37 HAE" duration-ms="19" status="PASS">
          <params>
            <param index="0">
              <value>
                <![CDATA[admin]]>
              </value>
            </param>
            <param index="1">
              <value>
                <![CDATA[admin12123]]>
              </value>
            </param>
          </params>
          <reporter-output>
          </reporter-output>
        </test-method> <!-- testLogin -->
        <test-method signature="testLogin(java.lang.String,java.lang.String)[pri:0, instance:pack01.DataDrivenTest@1e6454ec]" started-at="2021-07-07T21:48:37 HAE" name="testLogin" data-provider="userLogin" finished-at="2021-07-07T21:48:37 HAE" duration-ms="4" status="PASS">
          <params>
            <param index="0">
              <value>
                <![CDATA[employee]]>
              </value>
            </param>
            <param index="1">
              <value>
                <![CDATA[empo12132]]>
              </value>
            </param>
          </params>
          <reporter-output>
          </reporter-output>
        </test-method> <!-- testLogin -->
        <test-method signature="testLogin(java.lang.String,java.lang.String)[pri:0, instance:pack01.DataDrivenTest@1e6454ec]" started-at="2021-07-07T21:48:37 HAE" name="testLogin" data-provider="userLogin" finished-at="2021-07-07T21:48:37 HAE" duration-ms="2" status="PASS">
          <params>
            <param index="0">
              <value>
                <![CDATA[quest]]>
              </value>
            </param>
            <param index="1">
              <value>
                <![CDATA[quest1232]]>
              </value>
            </param>
          </params>
          <reporter-output>
          </reporter-output>
        </test-method> <!-- testLogin -->
      </class> <!-- pack01.DataDrivenTest -->
    </test> <!-- Default test -->
  </suite> <!-- Default suite -->
</testng-results>
